The system is: Darwin - 18.6.0 - x86_64
Compiling the C compiler identification source file "CMakeCCompilerId.c" succeeded.
Compiler: /usr/local/bin/gcc-9 
Build flags: 
Id flags:  

The output was:
0


Compilation of the C compiler identification source "CMakeCCompilerId.c" produced "a.out"

The C compiler identification is GNU, found in "/Users/xiemeilan/graphics/PAa6/Assignment6/build/CMakeFiles/3.17.2/CompilerIdC/a.out"

Compiling the CXX compiler identification source file "CMakeCXXCompilerId.cpp" succeeded.
Compiler: /usr/local/bin/g++-9 
Build flags: 
Id flags:  

The output was:
0


Compilation of the CXX compiler identification source "CMakeCXXCompilerId.cpp" produced "a.out"

The CXX compiler identification is GNU, found in "/Users/xiemeilan/graphics/PAa6/Assignment6/build/CMakeFiles/3.17.2/CompilerIdCXX/a.out"

Determining if the C compiler works passed with the following output:
Change Dir: /Users/xiemeilan/graphics/PAa6/Assignment6/build/CMakeFiles/CMakeTmp

Run Build Command(s):/usr/bin/make cmTC_9ed04/fast && /Library/Developer/CommandLineTools/usr/bin/make  -f CMakeFiles/cmTC_9ed04.dir/build.make CMakeFiles/cmTC_9ed04.dir/build
Building C object CMakeFiles/cmTC_9ed04.dir/testCCompiler.c.o
/usr/local/bin/gcc-9   -isysroot /Library/Developer/CommandLineTools/SDKs/MacOSX10.14.sdk   -o CMakeFiles/cmTC_9ed04.dir/testCCompiler.c.o   -c /Users/xiemeilan/graphics/PAa6/Assignment6/build/CMakeFiles/CMakeTmp/testCCompiler.c
Linking C executable cmTC_9ed04
/usr/local/Cellar/cmake/3.17.2/bin/cmake -E cmake_link_script CMakeFiles/cmTC_9ed04.dir/link.txt --verbose=1
/usr/local/bin/gcc-9   -isysroot /Library/Developer/CommandLineTools/SDKs/MacOSX10.14.sdk -Wl,-search_paths_first -Wl,-headerpad_max_install_names   CMakeFiles/cmTC_9ed04.dir/testCCompiler.c.o  -o cmTC_9ed04 



Detecting C compiler ABI info compiled with the following output:
Change Dir: /Users/xiemeilan/graphics/PAa6/Assignment6/build/CMakeFiles/CMakeTmp

Run Build Command(s):/usr/bin/make cmTC_4a657/fast && /Library/Developer/CommandLineTools/usr/bin/make  -f CMakeFiles/cmTC_4a657.dir/build.make CMakeFiles/cmTC_4a657.dir/build
Building C object CMakeFiles/cmTC_4a657.dir/CMakeCCompilerABI.c.o
/usr/local/bin/gcc-9   -isysroot /Library/Developer/CommandLineTools/SDKs/MacOSX10.14.sdk   -v -Wl,-v -o CMakeFiles/cmTC_4a657.dir/CMakeCCompilerABI.c.o   -c /usr/local/Cellar/cmake/3.17.2/share/cmake/Modules/CMakeCCompilerABI.c
Using built-in specs.
COLLECT_GCC=/usr/local/bin/gcc-9
Target: x86_64-apple-darwin18
Configured with: ../configure --build=x86_64-apple-darwin18 --prefix=/usr/local/Cellar/gcc/9.3.0_1 --libdir=/usr/local/Cellar/gcc/9.3.0_1/lib/gcc/9 --disable-nls --enable-checking=release --enable-languages=c,c++,objc,obj-c++,fortran --program-suffix=-9 --with-gmp=/usr/local/opt/gmp --with-mpfr=/usr/local/opt/mpfr --with-mpc=/usr/local/opt/libmpc --with-isl=/usr/local/opt/isl --with-system-zlib --with-pkgversion='Homebrew GCC 9.3.0_1' --with-bugurl=https://github.com/Homebrew/homebrew-core/issues --disable-multilib --with-native-system-header-dir=/usr/include --with-sysroot=/Library/Developer/CommandLineTools/SDKs/MacOSX10.14.sdk SED=/usr/bin/sed
Thread model: posix
gcc version 9.3.0 (Homebrew GCC 9.3.0_1) 
COLLECT_GCC_OPTIONS='-isysroot' '/Library/Developer/CommandLineTools/SDKs/MacOSX10.14.sdk' '-v' '-o' 'CMakeFiles/cmTC_4a657.dir/CMakeCCompilerABI.c.o' '-c' '-mmacosx-version-min=10.14.0' '-asm_macosx_version_min=10.14' '-mtune=core2'
 /usr/local/Cellar/gcc/9.3.0_1/libexec/gcc/x86_64-apple-darwin18/9.3.0/cc1 -quiet -v -D__DYNAMIC__ -isysroot /Library/Developer/CommandLineTools/SDKs/MacOSX10.14.sdk /usr/local/Cellar/cmake/3.17.2/share/cmake/Modules/CMakeCCompilerABI.c -fPIC -quiet -dumpbase CMakeCCompilerABI.c -mmacosx-version-min=10.14.0 -mtune=core2 -auxbase-strip CMakeFiles/cmTC_4a657.dir/CMakeCCompilerABI.c.o -version -o /var/folders/wz/bdqdb3w16bz1p87h4kk0zpqw0000gn/T//ccawLLeC.s
GNU C17 (Homebrew GCC 9.3.0_1) version 9.3.0 (x86_64-apple-darwin18)
	compiled by GNU C version 9.3.0, GMP version 6.2.0, MPFR version 4.0.2, MPC version 1.1.0, isl version isl-0.22.1-GMP

GGC heuristics: --param ggc-min-expand=100 --param ggc-min-heapsize=131072
ignoring nonexistent directory "/Library/Developer/CommandLineTools/SDKs/MacOSX10.14.sdk/usr/local/include"
ignoring nonexistent directory "/usr/local/Cellar/gcc/9.3.0_1/lib/gcc/9/gcc/x86_64-apple-darwin18/9.3.0/../../../../../../x86_64-apple-darwin18/include"
ignoring nonexistent directory "/Library/Developer/CommandLineTools/SDKs/MacOSX10.14.sdk/Library/Frameworks"
#include "..." search starts here:
#include <...> search starts here:
 /usr/local/Cellar/gcc/9.3.0_1/lib/gcc/9/gcc/x86_64-apple-darwin18/9.3.0/include
 /usr/local/Cellar/gcc/9.3.0_1/lib/gcc/9/gcc/x86_64-apple-darwin18/9.3.0/include-fixed
 /Library/Developer/CommandLineTools/SDKs/MacOSX10.14.sdk/usr/include
 /Library/Developer/CommandLineTools/SDKs/MacOSX10.14.sdk/System/Library/Frameworks
End of search list.
GNU C17 (Homebrew GCC 9.3.0_1) version 9.3.0 (x86_64-apple-darwin18)
	compiled by GNU C version 9.3.0, GMP version 6.2.0, MPFR version 4.0.2, MPC version 1.1.0, isl version isl-0.22.1-GMP

GGC heuristics: --param ggc-min-expand=100 --param ggc-min-heapsize=131072
Compiler executable checksum: b2b2e8bf2c1bd08590b5863ba7d27e07
COLLECT_GCC_OPTIONS='-isysroot' '/Library/Developer/CommandLineTools/SDKs/MacOSX10.14.sdk' '-v' '-o' 'CMakeFiles/cmTC_4a657.dir/CMakeCCompilerABI.c.o' '-c' '-mmacosx-version-min=10.14.0'  '-mtune=core2'
 as -arch x86_64 -v -force_cpusubtype_ALL -mmacosx-version-min=10.14 -o CMakeFiles/cmTC_4a657.dir/CMakeCCompilerABI.c.o /var/folders/wz/bdqdb3w16bz1p87h4kk0zpqw0000gn/T//ccawLLeC.s
Apple LLVM version 10.0.1 (clang-1001.0.46.4)
Target: x86_64-apple-darwin18.6.0
Thread model: posix
InstalledDir: /Library/Developer/CommandLineTools/usr/bin
 "/Library/Developer/CommandLineTools/usr/bin/clang" -cc1as -triple x86_64-apple-macosx10.14.0 -filetype obj -main-file-name ccawLLeC.s -target-cpu penryn -fdebug-compilation-dir /Users/xiemeilan/graphics/PAa6/Assignment6/build/CMakeFiles/CMakeTmp -dwarf-debug-producer Apple LLVM version 10.0.1 (clang-1001.0.46.4) -dwarf-version=4 -mrelocation-model pic -o CMakeFiles/cmTC_4a657.dir/CMakeCCompilerABI.c.o /var/folders/wz/bdqdb3w16bz1p87h4kk0zpqw0000gn/T//ccawLLeC.s
COMPILER_PATH=/usr/local/Cellar/gcc/9.3.0_1/libexec/gcc/x86_64-apple-darwin18/9.3.0/:/usr/local/Cellar/gcc/9.3.0_1/libexec/gcc/x86_64-apple-darwin18/9.3.0/:/usr/local/Cellar/gcc/9.3.0_1/libexec/gcc/x86_64-apple-darwin18/:/usr/local/Cellar/gcc/9.3.0_1/lib/gcc/9/gcc/x86_64-apple-darwin18/9.3.0/:/usr/local/Cellar/gcc/9.3.0_1/lib/gcc/9/gcc/x86_64-apple-darwin18/
LIBRARY_PATH=/usr/local/Cellar/gcc/9.3.0_1/lib/gcc/9/gcc/x86_64-apple-darwin18/9.3.0/:/usr/local/Cellar/gcc/9.3.0_1/lib/gcc/9/gcc/x86_64-apple-darwin18/9.3.0/../../../
COLLECT_GCC_OPTIONS='-isysroot' '/Library/Developer/CommandLineTools/SDKs/MacOSX10.14.sdk' '-v' '-o' 'CMakeFiles/cmTC_4a657.dir/CMakeCCompilerABI.c.o' '-c' '-mmacosx-version-min=10.14.0'  '-mtune=core2'
Linking C executable cmTC_4a657
/usr/local/Cellar/cmake/3.17.2/bin/cmake -E cmake_link_script CMakeFiles/cmTC_4a657.dir/link.txt --verbose=1
/usr/local/bin/gcc-9   -isysroot /Library/Developer/CommandLineTools/SDKs/MacOSX10.14.sdk -Wl,-search_paths_first -Wl,-headerpad_max_install_names  -v -Wl,-v CMakeFiles/cmTC_4a657.dir/CMakeCCompilerABI.c.o  -o cmTC_4a657 
Using built-in specs.
COLLECT_GCC=/usr/local/bin/gcc-9
COLLECT_LTO_WRAPPER=/usr/local/Cellar/gcc/9.3.0_1/libexec/gcc/x86_64-apple-darwin18/9.3.0/lto-wrapper
Target: x86_64-apple-darwin18
Configured with: ../configure --build=x86_64-apple-darwin18 --prefix=/usr/local/Cellar/gcc/9.3.0_1 --libdir=/usr/local/Cellar/gcc/9.3.0_1/lib/gcc/9 --disable-nls --enable-checking=release --enable-languages=c,c++,objc,obj-c++,fortran --program-suffix=-9 --with-gmp=/usr/local/opt/gmp --with-mpfr=/usr/local/opt/mpfr --with-mpc=/usr/local/opt/libmpc --with-isl=/usr/local/opt/isl --with-system-zlib --with-pkgversion='Homebrew GCC 9.3.0_1' --with-bugurl=https://github.com/Homebrew/homebrew-core/issues --disable-multilib --with-native-system-header-dir=/usr/include --with-sysroot=/Library/Developer/CommandLineTools/SDKs/MacOSX10.14.sdk SED=/usr/bin/sed
Thread model: posix
gcc version 9.3.0 (Homebrew GCC 9.3.0_1) 
COMPILER_PATH=/usr/local/Cellar/gcc/9.3.0_1/libexec/gcc/x86_64-apple-darwin18/9.3.0/:/usr/local/Cellar/gcc/9.3.0_1/libexec/gcc/x86_64-apple-darwin18/9.3.0/:/usr/local/Cellar/gcc/9.3.0_1/libexec/gcc/x86_64-apple-darwin18/:/usr/local/Cellar/gcc/9.3.0_1/lib/gcc/9/gcc/x86_64-apple-darwin18/9.3.0/:/usr/local/Cellar/gcc/9.3.0_1/lib/gcc/9/gcc/x86_64-apple-darwin18/
LIBRARY_PATH=/usr/local/Cellar/gcc/9.3.0_1/lib/gcc/9/gcc/x86_64-apple-darwin18/9.3.0/:/usr/local/Cellar/gcc/9.3.0_1/lib/gcc/9/gcc/x86_64-apple-darwin18/9.3.0/../../../
COLLECT_GCC_OPTIONS='-isysroot' '/Library/Developer/CommandLineTools/SDKs/MacOSX10.14.sdk' '-v' '-o' 'cmTC_4a657' '-mmacosx-version-min=10.14.0' '-asm_macosx_version_min=10.14' '-mtune=core2'
 /usr/local/Cellar/gcc/9.3.0_1/libexec/gcc/x86_64-apple-darwin18/9.3.0/collect2 -dynamic -arch x86_64 -macosx_version_min 10.14.0 -syslibroot /Library/Developer/CommandLineTools/SDKs/MacOSX10.14.sdk -weak_reference_mismatches non-weak -o cmTC_4a657 -L/usr/local/Cellar/gcc/9.3.0_1/lib/gcc/9/gcc/x86_64-apple-darwin18/9.3.0 -L/usr/local/Cellar/gcc/9.3.0_1/lib/gcc/9/gcc/x86_64-apple-darwin18/9.3.0/../../.. -search_paths_first -headerpad_max_install_names -v CMakeFiles/cmTC_4a657.dir/CMakeCCompilerABI.c.o -lSystem -lgcc_ext.10.5 -lgcc -lSystem -no_compact_unwind -v
collect2 version 9.3.0
/usr/bin/ld -dynamic -arch x86_64 -macosx_version_min 10.14.0 -syslibroot /Library/Developer/CommandLineTools/SDKs/MacOSX10.14.sdk -weak_reference_mismatches non-weak -o cmTC_4a657 -L/usr/local/Cellar/gcc/9.3.0_1/lib/gcc/9/gcc/x86_64-apple-darwin18/9.3.0 -L/usr/local/Cellar/gcc/9.3.0_1/lib/gcc/9/gcc/x86_64-apple-darwin18/9.3.0/../../.. -search_paths_first -headerpad_max_install_names -v CMakeFiles/cmTC_4a657.dir/CMakeCCompilerABI.c.o -lSystem -lgcc_ext.10.5 -lgcc -lSystem -no_compact_unwind -v
@(#)PROGRAM:ld  PROJECT:ld64-450.3
BUILD 18:16:53 Apr  5 2019
configured to support archs: armv6 armv7 armv7s arm64 arm64e arm64_32 i386 x86_64 x86_64h armv6m armv7k armv7m armv7em
@(#)PROGRAM:ld  PROJECT:ld64-450.3
BUILD 18:16:53 Apr  5 2019
configured to support archs: armv6 armv7 armv7s arm64 arm64e arm64_32 i386 x86_64 x86_64h armv6m armv7k armv7m armv7em
Library search paths:
	/usr/local/Cellar/gcc/9.3.0_1/lib/gcc/9/gcc/x86_64-apple-darwin18/9.3.0
	/usr/local/Cellar/gcc/9.3.0_1/lib/gcc/9
	/Library/Developer/CommandLineTools/SDKs/MacOSX10.14.sdk/usr/lib
Framework search paths:
	/Library/Developer/CommandLineTools/SDKs/MacOSX10.14.sdk/System/Library/Frameworks/



Parsed C implicit include dir info from above output: rv=done
  found start of include info
  found start of implicit include info
    add: [/usr/local/Cellar/gcc/9.3.0_1/lib/gcc/9/gcc/x86_64-apple-darwin18/9.3.0/include]
    add: [/usr/local/Cellar/gcc/9.3.0_1/lib/gcc/9/gcc/x86_64-apple-darwin18/9.3.0/include-fixed]
    add: [/Library/Developer/CommandLineTools/SDKs/MacOSX10.14.sdk/usr/include]
    add: [/Library/Developer/CommandLineTools/SDKs/MacOSX10.14.sdk/System/Library/Frameworks]
  end of search list found
  collapse include dir [/usr/local/Cellar/gcc/9.3.0_1/lib/gcc/9/gcc/x86_64-apple-darwin18/9.3.0/include] ==> [/usr/local/Cellar/gcc/9.3.0_1/lib/gcc/9/gcc/x86_64-apple-darwin18/9.3.0/include]
  collapse include dir [/usr/local/Cellar/gcc/9.3.0_1/lib/gcc/9/gcc/x86_64-apple-darwin18/9.3.0/include-fixed] ==> [/usr/local/Cellar/gcc/9.3.0_1/lib/gcc/9/gcc/x86_64-apple-darwin18/9.3.0/include-fixed]
  collapse include dir [/Library/Developer/CommandLineTools/SDKs/MacOSX10.14.sdk/usr/include] ==> [/Library/Developer/CommandLineTools/SDKs/MacOSX10.14.sdk/usr/include]
  collapse include dir [/Library/Developer/CommandLineTools/SDKs/MacOSX10.14.sdk/System/Library/Frameworks] ==> [/Library/Developer/CommandLineTools/SDKs/MacOSX10.14.sdk/System/Library/Frameworks]
  implicit include dirs: [/usr/local/Cellar/gcc/9.3.0_1/lib/gcc/9/gcc/x86_64-apple-darwin18/9.3.0/include;/usr/local/Cellar/gcc/9.3.0_1/lib/gcc/9/gcc/x86_64-apple-darwin18/9.3.0/include-fixed;/Library/Developer/CommandLineTools/SDKs/MacOSX10.14.sdk/usr/include;/Library/Developer/CommandLineTools/SDKs/MacOSX10.14.sdk/System/Library/Frameworks]


Parsed C implicit link information from above output:
  link line regex: [^( *|.*[/\])(ld|CMAKE_LINK_STARTFILE-NOTFOUND|([^/\]+-)?ld|collect2)[^/\]*( |$)]
  ignore line: [Change Dir: /Users/xiemeilan/graphics/PAa6/Assignment6/build/CMakeFiles/CMakeTmp]
  ignore line: []
  ignore line: [Run Build Command(s):/usr/bin/make cmTC_4a657/fast && /Library/Developer/CommandLineTools/usr/bin/make  -f CMakeFiles/cmTC_4a657.dir/build.make CMakeFiles/cmTC_4a657.dir/build]
  ignore line: [Building C object CMakeFiles/cmTC_4a657.dir/CMakeCCompilerABI.c.o]
  ignore line: [/usr/local/bin/gcc-9   -isysroot /Library/Developer/CommandLineTools/SDKs/MacOSX10.14.sdk   -v -Wl -v -o CMakeFiles/cmTC_4a657.dir/CMakeCCompilerABI.c.o   -c /usr/local/Cellar/cmake/3.17.2/share/cmake/Modules/CMakeCCompilerABI.c]
  ignore line: [Using built-in specs.]
  ignore line: [COLLECT_GCC=/usr/local/bin/gcc-9]
  ignore line: [Target: x86_64-apple-darwin18]
  ignore line: [Configured with: ../configure --build=x86_64-apple-darwin18 --prefix=/usr/local/Cellar/gcc/9.3.0_1 --libdir=/usr/local/Cellar/gcc/9.3.0_1/lib/gcc/9 --disable-nls --enable-checking=release --enable-languages=c c++ objc obj-c++ fortran --program-suffix=-9 --with-gmp=/usr/local/opt/gmp --with-mpfr=/usr/local/opt/mpfr --with-mpc=/usr/local/opt/libmpc --with-isl=/usr/local/opt/isl --with-system-zlib --with-pkgversion='Homebrew GCC 9.3.0_1' --with-bugurl=https://github.com/Homebrew/homebrew-core/issues --disable-multilib --with-native-system-header-dir=/usr/include --with-sysroot=/Library/Developer/CommandLineTools/SDKs/MacOSX10.14.sdk SED=/usr/bin/sed]
  ignore line: [Thread model: posix]
  ignore line: [gcc version 9.3.0 (Homebrew GCC 9.3.0_1) ]
  ignore line: [COLLECT_GCC_OPTIONS='-isysroot' '/Library/Developer/CommandLineTools/SDKs/MacOSX10.14.sdk' '-v' '-o' 'CMakeFiles/cmTC_4a657.dir/CMakeCCompilerABI.c.o' '-c' '-mmacosx-version-min=10.14.0' '-asm_macosx_version_min=10.14' '-mtune=core2']
  ignore line: [ /usr/local/Cellar/gcc/9.3.0_1/libexec/gcc/x86_64-apple-darwin18/9.3.0/cc1 -quiet -v -D__DYNAMIC__ -isysroot /Library/Developer/CommandLineTools/SDKs/MacOSX10.14.sdk /usr/local/Cellar/cmake/3.17.2/share/cmake/Modules/CMakeCCompilerABI.c -fPIC -quiet -dumpbase CMakeCCompilerABI.c -mmacosx-version-min=10.14.0 -mtune=core2 -auxbase-strip CMakeFiles/cmTC_4a657.dir/CMakeCCompilerABI.c.o -version -o /var/folders/wz/bdqdb3w16bz1p87h4kk0zpqw0000gn/T//ccawLLeC.s]
  ignore line: [GNU C17 (Homebrew GCC 9.3.0_1) version 9.3.0 (x86_64-apple-darwin18)]
  ignore line: [	compiled by GNU C version 9.3.0  GMP version 6.2.0  MPFR version 4.0.2  MPC version 1.1.0  isl version isl-0.22.1-GMP]
  ignore line: []
  ignore line: [GGC heuristics: --param ggc-min-expand=100 --param ggc-min-heapsize=131072]
  ignore line: [ignoring nonexistent directory "/Library/Developer/CommandLineTools/SDKs/MacOSX10.14.sdk/usr/local/include"]
  ignore line: [ignoring nonexistent directory "/usr/local/Cellar/gcc/9.3.0_1/lib/gcc/9/gcc/x86_64-apple-darwin18/9.3.0/../../../../../../x86_64-apple-darwin18/include"]
  ignore line: [ignoring nonexistent directory "/Library/Developer/CommandLineTools/SDKs/MacOSX10.14.sdk/Library/Frameworks"]
  ignore line: [#include "..." search starts here:]
  ignore line: [#include <...> search starts here:]
  ignore line: [ /usr/local/Cellar/gcc/9.3.0_1/lib/gcc/9/gcc/x86_64-apple-darwin18/9.3.0/include]
  ignore line: [ /usr/local/Cellar/gcc/9.3.0_1/lib/gcc/9/gcc/x86_64-apple-darwin18/9.3.0/include-fixed]
  ignore line: [ /Library/Developer/CommandLineTools/SDKs/MacOSX10.14.sdk/usr/include]
  ignore line: [ /Library/Developer/CommandLineTools/SDKs/MacOSX10.14.sdk/System/Library/Frameworks]
  ignore line: [End of search list.]
  ignore line: [GNU C17 (Homebrew GCC 9.3.0_1) version 9.3.0 (x86_64-apple-darwin18)]
  ignore line: [	compiled by GNU C version 9.3.0  GMP version 6.2.0  MPFR version 4.0.2  MPC version 1.1.0  isl version isl-0.22.1-GMP]
  ignore line: []
  ignore line: [GGC heuristics: --param ggc-min-expand=100 --param ggc-min-heapsize=131072]
  ignore line: [Compiler executable checksum: b2b2e8bf2c1bd08590b5863ba7d27e07]
  ignore line: [COLLECT_GCC_OPTIONS='-isysroot' '/Library/Developer/CommandLineTools/SDKs/MacOSX10.14.sdk' '-v' '-o' 'CMakeFiles/cmTC_4a657.dir/CMakeCCompilerABI.c.o' '-c' '-mmacosx-version-min=10.14.0'  '-mtune=core2']
  ignore line: [ as -arch x86_64 -v -force_cpusubtype_ALL -mmacosx-version-min=10.14 -o CMakeFiles/cmTC_4a657.dir/CMakeCCompilerABI.c.o /var/folders/wz/bdqdb3w16bz1p87h4kk0zpqw0000gn/T//ccawLLeC.s]
  ignore line: [Apple LLVM version 10.0.1 (clang-1001.0.46.4)]
  ignore line: [Target: x86_64-apple-darwin18.6.0]
  ignore line: [Thread model: posix]
  ignore line: [InstalledDir: /Library/Developer/CommandLineTools/usr/bin]
  ignore line: [ "/Library/Developer/CommandLineTools/usr/bin/clang" -cc1as -triple x86_64-apple-macosx10.14.0 -filetype obj -main-file-name ccawLLeC.s -target-cpu penryn -fdebug-compilation-dir /Users/xiemeilan/graphics/PAa6/Assignment6/build/CMakeFiles/CMakeTmp -dwarf-debug-producer Apple LLVM version 10.0.1 (clang-1001.0.46.4) -dwarf-version=4 -mrelocation-model pic -o CMakeFiles/cmTC_4a657.dir/CMakeCCompilerABI.c.o /var/folders/wz/bdqdb3w16bz1p87h4kk0zpqw0000gn/T//ccawLLeC.s]
  ignore line: [COMPILER_PATH=/usr/local/Cellar/gcc/9.3.0_1/libexec/gcc/x86_64-apple-darwin18/9.3.0/:/usr/local/Cellar/gcc/9.3.0_1/libexec/gcc/x86_64-apple-darwin18/9.3.0/:/usr/local/Cellar/gcc/9.3.0_1/libexec/gcc/x86_64-apple-darwin18/:/usr/local/Cellar/gcc/9.3.0_1/lib/gcc/9/gcc/x86_64-apple-darwin18/9.3.0/:/usr/local/Cellar/gcc/9.3.0_1/lib/gcc/9/gcc/x86_64-apple-darwin18/]
  ignore line: [LIBRARY_PATH=/usr/local/Cellar/gcc/9.3.0_1/lib/gcc/9/gcc/x86_64-apple-darwin18/9.3.0/:/usr/local/Cellar/gcc/9.3.0_1/lib/gcc/9/gcc/x86_64-apple-darwin18/9.3.0/../../../]
  ignore line: [COLLECT_GCC_OPTIONS='-isysroot' '/Library/Developer/CommandLineTools/SDKs/MacOSX10.14.sdk' '-v' '-o' 'CMakeFiles/cmTC_4a657.dir/CMakeCCompilerABI.c.o' '-c' '-mmacosx-version-min=10.14.0'  '-mtune=core2']
  ignore line: [Linking C executable cmTC_4a657]
  ignore line: [/usr/local/Cellar/cmake/3.17.2/bin/cmake -E cmake_link_script CMakeFiles/cmTC_4a657.dir/link.txt --verbose=1]
  ignore line: [/usr/local/bin/gcc-9   -isysroot /Library/Developer/CommandLineTools/SDKs/MacOSX10.14.sdk -Wl -search_paths_first -Wl -headerpad_max_install_names  -v -Wl -v CMakeFiles/cmTC_4a657.dir/CMakeCCompilerABI.c.o  -o cmTC_4a657 ]
  ignore line: [Using built-in specs.]
  ignore line: [COLLECT_GCC=/usr/local/bin/gcc-9]
  ignore line: [COLLECT_LTO_WRAPPER=/usr/local/Cellar/gcc/9.3.0_1/libexec/gcc/x86_64-apple-darwin18/9.3.0/lto-wrapper]
  ignore line: [Target: x86_64-apple-darwin18]
  ignore line: [Configured with: ../configure --build=x86_64-apple-darwin18 --prefix=/usr/local/Cellar/gcc/9.3.0_1 --libdir=/usr/local/Cellar/gcc/9.3.0_1/lib/gcc/9 --disable-nls --enable-checking=release --enable-languages=c c++ objc obj-c++ fortran --program-suffix=-9 --with-gmp=/usr/local/opt/gmp --with-mpfr=/usr/local/opt/mpfr --with-mpc=/usr/local/opt/libmpc --with-isl=/usr/local/opt/isl --with-system-zlib --with-pkgversion='Homebrew GCC 9.3.0_1' --with-bugurl=https://github.com/Homebrew/homebrew-core/issues --disable-multilib --with-native-system-header-dir=/usr/include --with-sysroot=/Library/Developer/CommandLineTools/SDKs/MacOSX10.14.sdk SED=/usr/bin/sed]
  ignore line: [Thread model: posix]
  ignore line: [gcc version 9.3.0 (Homebrew GCC 9.3.0_1) ]
  ignore line: [COMPILER_PATH=/usr/local/Cellar/gcc/9.3.0_1/libexec/gcc/x86_64-apple-darwin18/9.3.0/:/usr/local/Cellar/gcc/9.3.0_1/libexec/gcc/x86_64-apple-darwin18/9.3.0/:/usr/local/Cellar/gcc/9.3.0_1/libexec/gcc/x86_64-apple-darwin18/:/usr/local/Cellar/gcc/9.3.0_1/lib/gcc/9/gcc/x86_64-apple-darwin18/9.3.0/:/usr/local/Cellar/gcc/9.3.0_1/lib/gcc/9/gcc/x86_64-apple-darwin18/]
  ignore line: [LIBRARY_PATH=/usr/local/Cellar/gcc/9.3.0_1/lib/gcc/9/gcc/x86_64-apple-darwin18/9.3.0/:/usr/local/Cellar/gcc/9.3.0_1/lib/gcc/9/gcc/x86_64-apple-darwin18/9.3.0/../../../]
  ignore line: [COLLECT_GCC_OPTIONS='-isysroot' '/Library/Developer/CommandLineTools/SDKs/MacOSX10.14.sdk' '-v' '-o' 'cmTC_4a657' '-mmacosx-version-min=10.14.0' '-asm_macosx_version_min=10.14' '-mtune=core2']
  link line: [ /usr/local/Cellar/gcc/9.3.0_1/libexec/gcc/x86_64-apple-darwin18/9.3.0/collect2 -dynamic -arch x86_64 -macosx_version_min 10.14.0 -syslibroot /Library/Developer/CommandLineTools/SDKs/MacOSX10.14.sdk -weak_reference_mismatches non-weak -o cmTC_4a657 -L/usr/local/Cellar/gcc/9.3.0_1/lib/gcc/9/gcc/x86_64-apple-darwin18/9.3.0 -L/usr/local/Cellar/gcc/9.3.0_1/lib/gcc/9/gcc/x86_64-apple-darwin18/9.3.0/../../.. -search_paths_first -headerpad_max_install_names -v CMakeFiles/cmTC_4a657.dir/CMakeCCompilerABI.c.o -lSystem -lgcc_ext.10.5 -lgcc -lSystem -no_compact_unwind -v]
    arg [/usr/local/Cellar/gcc/9.3.0_1/libexec/gcc/x86_64-apple-darwin18/9.3.0/collect2] ==> ignore
    arg [-dynamic] ==> ignore
    arg [-arch] ==> ignore
    arg [x86_64] ==> ignore
    arg [-macosx_version_min] ==> ignore
    arg [10.14.0] ==> ignore
    arg [-syslibroot] ==> ignore
    arg [/Library/Developer/CommandLineTools/SDKs/MacOSX10.14.sdk] ==> ignore
    arg [-weak_reference_mismatches] ==> ignore
    arg [non-weak] ==> ignore
    arg [-o] ==> ignore
    arg [cmTC_4a657] ==> ignore
    arg [-L/usr/local/Cellar/gcc/9.3.0_1/lib/gcc/9/gcc/x86_64-apple-darwin18/9.3.0] ==> dir [/usr/local/Cellar/gcc/9.3.0_1/lib/gcc/9/gcc/x86_64-apple-darwin18/9.3.0]
    arg [-L/usr/local/Cellar/gcc/9.3.0_1/lib/gcc/9/gcc/x86_64-apple-darwin18/9.3.0/../../..] ==> dir [/usr/local/Cellar/gcc/9.3.0_1/lib/gcc/9/gcc/x86_64-apple-darwin18/9.3.0/../../..]
    arg [-search_paths_first] ==> ignore
    arg [-headerpad_max_install_names] ==> ignore
    arg [-v] ==> ignore
    arg [CMakeFiles/cmTC_4a657.dir/CMakeCCompilerABI.c.o] ==> ignore
    arg [-lSystem] ==> lib [System]
    arg [-lgcc_ext.10.5] ==> lib [gcc_ext.10.5]
    arg [-lgcc] ==> lib [gcc]
    arg [-lSystem] ==> lib [System]
    arg [-no_compact_unwind] ==> ignore
    arg [-v] ==> ignore
  Library search paths: [;/usr/local/Cellar/gcc/9.3.0_1/lib/gcc/9/gcc/x86_64-apple-darwin18/9.3.0;/usr/local/Cellar/gcc/9.3.0_1/lib/gcc/9;/Library/Developer/CommandLineTools/SDKs/MacOSX10.14.sdk/usr/lib]
  Framework search paths: [;/Library/Developer/CommandLineTools/SDKs/MacOSX10.14.sdk/System/Library/Frameworks/]
  remove lib [System]
  remove lib [System]
  collapse library dir [/usr/local/Cellar/gcc/9.3.0_1/lib/gcc/9/gcc/x86_64-apple-darwin18/9.3.0] ==> [/usr/local/Cellar/gcc/9.3.0_1/lib/gcc/9/gcc/x86_64-apple-darwin18/9.3.0]
  collapse library dir [/usr/local/Cellar/gcc/9.3.0_1/lib/gcc/9/gcc/x86_64-apple-darwin18/9.3.0/../../..] ==> [/usr/local/Cellar/gcc/9.3.0_1/lib/gcc/9]
  collapse library dir [/usr/local/Cellar/gcc/9.3.0_1/lib/gcc/9/gcc/x86_64-apple-darwin18/9.3.0] ==> [/usr/local/Cellar/gcc/9.3.0_1/lib/gcc/9/gcc/x86_64-apple-darwin18/9.3.0]
  collapse library dir [/usr/local/Cellar/gcc/9.3.0_1/lib/gcc/9] ==> [/usr/local/Cellar/gcc/9.3.0_1/lib/gcc/9]
  collapse library dir [/Library/Developer/CommandLineTools/SDKs/MacOSX10.14.sdk/usr/lib] ==> [/Library/Developer/CommandLineTools/SDKs/MacOSX10.14.sdk/usr/lib]
  collapse framework dir [/Library/Developer/CommandLineTools/SDKs/MacOSX10.14.sdk/System/Library/Frameworks/] ==> [/Library/Developer/CommandLineTools/SDKs/MacOSX10.14.sdk/System/Library/Frameworks]
  implicit libs: [gcc_ext.10.5;gcc]
  implicit dirs: [/usr/local/Cellar/gcc/9.3.0_1/lib/gcc/9/gcc/x86_64-apple-darwin18/9.3.0;/usr/local/Cellar/gcc/9.3.0_1/lib/gcc/9;/Library/Developer/CommandLineTools/SDKs/MacOSX10.14.sdk/usr/lib]
  implicit fwks: [/Library/Developer/CommandLineTools/SDKs/MacOSX10.14.sdk/System/Library/Frameworks]


Determining if the CXX compiler works passed with the following output:
Change Dir: /Users/xiemeilan/graphics/PAa6/Assignment6/build/CMakeFiles/CMakeTmp

Run Build Command(s):/usr/bin/make cmTC_c898d/fast && /Library/Developer/CommandLineTools/usr/bin/make  -f CMakeFiles/cmTC_c898d.dir/build.make CMakeFiles/cmTC_c898d.dir/build
Building CXX object CMakeFiles/cmTC_c898d.dir/testCXXCompiler.cxx.o
/usr/local/bin/g++-9    -isysroot /Library/Developer/CommandLineTools/SDKs/MacOSX10.14.sdk   -o CMakeFiles/cmTC_c898d.dir/testCXXCompiler.cxx.o -c /Users/xiemeilan/graphics/PAa6/Assignment6/build/CMakeFiles/CMakeTmp/testCXXCompiler.cxx
Linking CXX executable cmTC_c898d
/usr/local/Cellar/cmake/3.17.2/bin/cmake -E cmake_link_script CMakeFiles/cmTC_c898d.dir/link.txt --verbose=1
/usr/local/bin/g++-9    -isysroot /Library/Developer/CommandLineTools/SDKs/MacOSX10.14.sdk -Wl,-search_paths_first -Wl,-headerpad_max_install_names   CMakeFiles/cmTC_c898d.dir/testCXXCompiler.cxx.o  -o cmTC_c898d 



Detecting CXX compiler ABI info compiled with the following output:
Change Dir: /Users/xiemeilan/graphics/PAa6/Assignment6/build/CMakeFiles/CMakeTmp

Run Build Command(s):/usr/bin/make cmTC_bc0bc/fast && /Library/Developer/CommandLineTools/usr/bin/make  -f CMakeFiles/cmTC_bc0bc.dir/build.make CMakeFiles/cmTC_bc0bc.dir/build
Building CXX object CMakeFiles/cmTC_bc0bc.dir/CMakeCXXCompilerABI.cpp.o
/usr/local/bin/g++-9    -isysroot /Library/Developer/CommandLineTools/SDKs/MacOSX10.14.sdk   -v -Wl,-v -o CMakeFiles/cmTC_bc0bc.dir/CMakeCXXCompilerABI.cpp.o -c /usr/local/Cellar/cmake/3.17.2/share/cmake/Modules/CMakeCXXCompilerABI.cpp
Using built-in specs.
COLLECT_GCC=/usr/local/bin/g++-9
Target: x86_64-apple-darwin18
Configured with: ../configure --build=x86_64-apple-darwin18 --prefix=/usr/local/Cellar/gcc/9.3.0_1 --libdir=/usr/local/Cellar/gcc/9.3.0_1/lib/gcc/9 --disable-nls --enable-checking=release --enable-languages=c,c++,objc,obj-c++,fortran --program-suffix=-9 --with-gmp=/usr/local/opt/gmp --with-mpfr=/usr/local/opt/mpfr --with-mpc=/usr/local/opt/libmpc --with-isl=/usr/local/opt/isl --with-system-zlib --with-pkgversion='Homebrew GCC 9.3.0_1' --with-bugurl=https://github.com/Homebrew/homebrew-core/issues --disable-multilib --with-native-system-header-dir=/usr/include --with-sysroot=/Library/Developer/CommandLineTools/SDKs/MacOSX10.14.sdk SED=/usr/bin/sed
Thread model: posix
gcc version 9.3.0 (Homebrew GCC 9.3.0_1) 
COLLECT_GCC_OPTIONS='-isysroot' '/Library/Developer/CommandLineTools/SDKs/MacOSX10.14.sdk' '-v' '-o' 'CMakeFiles/cmTC_bc0bc.dir/CMakeCXXCompilerABI.cpp.o' '-c' '-mmacosx-version-min=10.14.0' '-asm_macosx_version_min=10.14' '-shared-libgcc' '-mtune=core2'
 /usr/local/Cellar/gcc/9.3.0_1/libexec/gcc/x86_64-apple-darwin18/9.3.0/cc1plus -quiet -v -D__DYNAMIC__ -isysroot /Library/Developer/CommandLineTools/SDKs/MacOSX10.14.sdk /usr/local/Cellar/cmake/3.17.2/share/cmake/Modules/CMakeCXXCompilerABI.cpp -fPIC -quiet -dumpbase CMakeCXXCompilerABI.cpp -mmacosx-version-min=10.14.0 -mtune=core2 -auxbase-strip CMakeFiles/cmTC_bc0bc.dir/CMakeCXXCompilerABI.cpp.o -version -o /var/folders/wz/bdqdb3w16bz1p87h4kk0zpqw0000gn/T//ccUl0Xyi.s
GNU C++14 (Homebrew GCC 9.3.0_1) version 9.3.0 (x86_64-apple-darwin18)
	compiled by GNU C version 9.3.0, GMP version 6.2.0, MPFR version 4.0.2, MPC version 1.1.0, isl version isl-0.22.1-GMP

GGC heuristics: --param ggc-min-expand=100 --param ggc-min-heapsize=131072
ignoring nonexistent directory "/Library/Developer/CommandLineTools/SDKs/MacOSX10.14.sdk/usr/local/include"
ignoring nonexistent directory "/usr/local/Cellar/gcc/9.3.0_1/lib/gcc/9/gcc/x86_64-apple-darwin18/9.3.0/../../../../../../x86_64-apple-darwin18/include"
ignoring nonexistent directory "/Library/Developer/CommandLineTools/SDKs/MacOSX10.14.sdk/Library/Frameworks"
#include "..." search starts here:
#include <...> search starts here:
 /usr/local/Cellar/gcc/9.3.0_1/lib/gcc/9/gcc/x86_64-apple-darwin18/9.3.0/../../../../../../include/c++/9.3.0
 /usr/local/Cellar/gcc/9.3.0_1/lib/gcc/9/gcc/x86_64-apple-darwin18/9.3.0/../../../../../../include/c++/9.3.0/x86_64-apple-darwin18
 /usr/local/Cellar/gcc/9.3.0_1/lib/gcc/9/gcc/x86_64-apple-darwin18/9.3.0/../../../../../../include/c++/9.3.0/backward
 /usr/local/Cellar/gcc/9.3.0_1/lib/gcc/9/gcc/x86_64-apple-darwin18/9.3.0/include
 /usr/local/Cellar/gcc/9.3.0_1/lib/gcc/9/gcc/x86_64-apple-darwin18/9.3.0/include-fixed
 /Library/Developer/CommandLineTools/SDKs/MacOSX10.14.sdk/usr/include
 /Library/Developer/CommandLineTools/SDKs/MacOSX10.14.sdk/System/Library/Frameworks
End of search list.
GNU C++14 (Homebrew GCC 9.3.0_1) version 9.3.0 (x86_64-apple-darwin18)
	compiled by GNU C version 9.3.0, GMP version 6.2.0, MPFR version 4.0.2, MPC version 1.1.0, isl version isl-0.22.1-GMP

GGC heuristics: --param ggc-min-expand=100 --param ggc-min-heapsize=131072
Compiler executable checksum: d427667556571f0f3f2c2fd736e1f72c
COLLECT_GCC_OPTIONS='-isysroot' '/Library/Developer/CommandLineTools/SDKs/MacOSX10.14.sdk' '-v' '-o' 'CMakeFiles/cmTC_bc0bc.dir/CMakeCXXCompilerABI.cpp.o' '-c' '-mmacosx-version-min=10.14.0'  '-shared-libgcc' '-mtune=core2'
 as -arch x86_64 -v -force_cpusubtype_ALL -mmacosx-version-min=10.14 -o CMakeFiles/cmTC_bc0bc.dir/CMakeCXXCompilerABI.cpp.o /var/folders/wz/bdqdb3w16bz1p87h4kk0zpqw0000gn/T//ccUl0Xyi.s
Apple LLVM version 10.0.1 (clang-1001.0.46.4)
Target: x86_64-apple-darwin18.6.0
Thread model: posix
InstalledDir: /Library/Developer/CommandLineTools/usr/bin
 "/Library/Developer/CommandLineTools/usr/bin/clang" -cc1as -triple x86_64-apple-macosx10.14.0 -filetype obj -main-file-name ccUl0Xyi.s -target-cpu penryn -fdebug-compilation-dir /Users/xiemeilan/graphics/PAa6/Assignment6/build/CMakeFiles/CMakeTmp -dwarf-debug-producer Apple LLVM version 10.0.1 (clang-1001.0.46.4) -dwarf-version=4 -mrelocation-model pic -o CMakeFiles/cmTC_bc0bc.dir/CMakeCXXCompilerABI.cpp.o /var/folders/wz/bdqdb3w16bz1p87h4kk0zpqw0000gn/T//ccUl0Xyi.s
COMPILER_PATH=/usr/local/Cellar/gcc/9.3.0_1/libexec/gcc/x86_64-apple-darwin18/9.3.0/:/usr/local/Cellar/gcc/9.3.0_1/libexec/gcc/x86_64-apple-darwin18/9.3.0/:/usr/local/Cellar/gcc/9.3.0_1/libexec/gcc/x86_64-apple-darwin18/:/usr/local/Cellar/gcc/9.3.0_1/lib/gcc/9/gcc/x86_64-apple-darwin18/9.3.0/:/usr/local/Cellar/gcc/9.3.0_1/lib/gcc/9/gcc/x86_64-apple-darwin18/
LIBRARY_PATH=/usr/local/Cellar/gcc/9.3.0_1/lib/gcc/9/gcc/x86_64-apple-darwin18/9.3.0/:/usr/local/Cellar/gcc/9.3.0_1/lib/gcc/9/gcc/x86_64-apple-darwin18/9.3.0/../../../
COLLECT_GCC_OPTIONS='-isysroot' '/Library/Developer/CommandLineTools/SDKs/MacOSX10.14.sdk' '-v' '-o' 'CMakeFiles/cmTC_bc0bc.dir/CMakeCXXCompilerABI.cpp.o' '-c' '-mmacosx-version-min=10.14.0'  '-shared-libgcc' '-mtune=core2'
Linking CXX executable cmTC_bc0bc
/usr/local/Cellar/cmake/3.17.2/bin/cmake -E cmake_link_script CMakeFiles/cmTC_bc0bc.dir/link.txt --verbose=1
/usr/local/bin/g++-9    -isysroot /Library/Developer/CommandLineTools/SDKs/MacOSX10.14.sdk -Wl,-search_paths_first -Wl,-headerpad_max_install_names  -v -Wl,-v CMakeFiles/cmTC_bc0bc.dir/CMakeCXXCompilerABI.cpp.o  -o cmTC_bc0bc 
Using built-in specs.
COLLECT_GCC=/usr/local/bin/g++-9
COLLECT_LTO_WRAPPER=/usr/local/Cellar/gcc/9.3.0_1/libexec/gcc/x86_64-apple-darwin18/9.3.0/lto-wrapper
Target: x86_64-apple-darwin18
Configured with: ../configure --build=x86_64-apple-darwin18 --prefix=/usr/local/Cellar/gcc/9.3.0_1 --libdir=/usr/local/Cellar/gcc/9.3.0_1/lib/gcc/9 --disable-nls --enable-checking=release --enable-languages=c,c++,objc,obj-c++,fortran --program-suffix=-9 --with-gmp=/usr/local/opt/gmp --with-mpfr=/usr/local/opt/mpfr --with-mpc=/usr/local/opt/libmpc --with-isl=/usr/local/opt/isl --with-system-zlib --with-pkgversion='Homebrew GCC 9.3.0_1' --with-bugurl=https://github.com/Homebrew/homebrew-core/issues --disable-multilib --with-native-system-header-dir=/usr/include --with-sysroot=/Library/Developer/CommandLineTools/SDKs/MacOSX10.14.sdk SED=/usr/bin/sed
Thread model: posix
gcc version 9.3.0 (Homebrew GCC 9.3.0_1) 
COMPILER_PATH=/usr/local/Cellar/gcc/9.3.0_1/libexec/gcc/x86_64-apple-darwin18/9.3.0/:/usr/local/Cellar/gcc/9.3.0_1/libexec/gcc/x86_64-apple-darwin18/9.3.0/:/usr/local/Cellar/gcc/9.3.0_1/libexec/gcc/x86_64-apple-darwin18/:/usr/local/Cellar/gcc/9.3.0_1/lib/gcc/9/gcc/x86_64-apple-darwin18/9.3.0/:/usr/local/Cellar/gcc/9.3.0_1/lib/gcc/9/gcc/x86_64-apple-darwin18/
LIBRARY_PATH=/usr/local/Cellar/gcc/9.3.0_1/lib/gcc/9/gcc/x86_64-apple-darwin18/9.3.0/:/usr/local/Cellar/gcc/9.3.0_1/lib/gcc/9/gcc/x86_64-apple-darwin18/9.3.0/../../../
COLLECT_GCC_OPTIONS='-isysroot' '/Library/Developer/CommandLineTools/SDKs/MacOSX10.14.sdk' '-v' '-o' 'cmTC_bc0bc' '-mmacosx-version-min=10.14.0' '-asm_macosx_version_min=10.14' '-shared-libgcc' '-mtune=core2'
 /usr/local/Cellar/gcc/9.3.0_1/libexec/gcc/x86_64-apple-darwin18/9.3.0/collect2 -dynamic -arch x86_64 -macosx_version_min 10.14.0 -syslibroot /Library/Developer/CommandLineTools/SDKs/MacOSX10.14.sdk -weak_reference_mismatches non-weak -o cmTC_bc0bc -L/usr/local/Cellar/gcc/9.3.0_1/lib/gcc/9/gcc/x86_64-apple-darwin18/9.3.0 -L/usr/local/Cellar/gcc/9.3.0_1/lib/gcc/9/gcc/x86_64-apple-darwin18/9.3.0/../../.. -search_paths_first -headerpad_max_install_names -v CMakeFiles/cmTC_bc0bc.dir/CMakeCXXCompilerABI.cpp.o -lstdc++ -lSystem -lgcc_ext.10.5 -lgcc -lSystem -no_compact_unwind -v
collect2 version 9.3.0
/usr/bin/ld -dynamic -arch x86_64 -macosx_version_min 10.14.0 -syslibroot /Library/Developer/CommandLineTools/SDKs/MacOSX10.14.sdk -weak_reference_mismatches non-weak -o cmTC_bc0bc -L/usr/local/Cellar/gcc/9.3.0_1/lib/gcc/9/gcc/x86_64-apple-darwin18/9.3.0 -L/usr/local/Cellar/gcc/9.3.0_1/lib/gcc/9/gcc/x86_64-apple-darwin18/9.3.0/../../.. -search_paths_first -headerpad_max_install_names -v CMakeFiles/cmTC_bc0bc.dir/CMakeCXXCompilerABI.cpp.o -lstdc++ -lSystem -lgcc_ext.10.5 -lgcc -lSystem -no_compact_unwind -v
@(#)PROGRAM:ld  PROJECT:ld64-450.3
BUILD 18:16:53 Apr  5 2019
configured to support archs: armv6 armv7 armv7s arm64 arm64e arm64_32 i386 x86_64 x86_64h armv6m armv7k armv7m armv7em
@(#)PROGRAM:ld  PROJECT:ld64-450.3
BUILD 18:16:53 Apr  5 2019
configured to support archs: armv6 armv7 armv7s arm64 arm64e arm64_32 i386 x86_64 x86_64h armv6m armv7k armv7m armv7em
Library search paths:
	/usr/local/Cellar/gcc/9.3.0_1/lib/gcc/9/gcc/x86_64-apple-darwin18/9.3.0
	/usr/local/Cellar/gcc/9.3.0_1/lib/gcc/9
	/Library/Developer/CommandLineTools/SDKs/MacOSX10.14.sdk/usr/lib
Framework search paths:
	/Library/Developer/CommandLineTools/SDKs/MacOSX10.14.sdk/System/Library/Frameworks/



Parsed CXX implicit include dir info from above output: rv=done
  found start of include info
  found start of implicit include info
    add: [/usr/local/Cellar/gcc/9.3.0_1/lib/gcc/9/gcc/x86_64-apple-darwin18/9.3.0/../../../../../../include/c++/9.3.0]
    add: [/usr/local/Cellar/gcc/9.3.0_1/lib/gcc/9/gcc/x86_64-apple-darwin18/9.3.0/../../../../../../include/c++/9.3.0/x86_64-apple-darwin18]
    add: [/usr/local/Cellar/gcc/9.3.0_1/lib/gcc/9/gcc/x86_64-apple-darwin18/9.3.0/../../../../../../include/c++/9.3.0/backward]
    add: [/usr/local/Cellar/gcc/9.3.0_1/lib/gcc/9/gcc/x86_64-apple-darwin18/9.3.0/include]
    add: [/usr/local/Cellar/gcc/9.3.0_1/lib/gcc/9/gcc/x86_64-apple-darwin18/9.3.0/include-fixed]
    add: [/Library/Developer/CommandLineTools/SDKs/MacOSX10.14.sdk/usr/include]
    add: [/Library/Developer/CommandLineTools/SDKs/MacOSX10.14.sdk/System/Library/Frameworks]
  end of search list found
  collapse include dir [/usr/local/Cellar/gcc/9.3.0_1/lib/gcc/9/gcc/x86_64-apple-darwin18/9.3.0/../../../../../../include/c++/9.3.0] ==> [/usr/local/Cellar/gcc/9.3.0_1/include/c++/9.3.0]
  collapse include dir [/usr/local/Cellar/gcc/9.3.0_1/lib/gcc/9/gcc/x86_64-apple-darwin18/9.3.0/../../../../../../include/c++/9.3.0/x86_64-apple-darwin18] ==> [/usr/local/Cellar/gcc/9.3.0_1/include/c++/9.3.0/x86_64-apple-darwin18]
  collapse include dir [/usr/local/Cellar/gcc/9.3.0_1/lib/gcc/9/gcc/x86_64-apple-darwin18/9.3.0/../../../../../../include/c++/9.3.0/backward] ==> [/usr/local/Cellar/gcc/9.3.0_1/include/c++/9.3.0/backward]
  collapse include dir [/usr/local/Cellar/gcc/9.3.0_1/lib/gcc/9/gcc/x86_64-apple-darwin18/9.3.0/include] ==> [/usr/local/Cellar/gcc/9.3.0_1/lib/gcc/9/gcc/x86_64-apple-darwin18/9.3.0/include]
  collapse include dir [/usr/local/Cellar/gcc/9.3.0_1/lib/gcc/9/gcc/x86_64-apple-darwin18/9.3.0/include-fixed] ==> [/usr/local/Cellar/gcc/9.3.0_1/lib/gcc/9/gcc/x86_64-apple-darwin18/9.3.0/include-fixed]
  collapse include dir [/Library/Developer/CommandLineTools/SDKs/MacOSX10.14.sdk/usr/include] ==> [/Library/Developer/CommandLineTools/SDKs/MacOSX10.14.sdk/usr/include]
  collapse include dir [/Library/Developer/CommandLineTools/SDKs/MacOSX10.14.sdk/System/Library/Frameworks] ==> [/Library/Developer/CommandLineTools/SDKs/MacOSX10.14.sdk/System/Library/Frameworks]
  implicit include dirs: [/usr/local/Cellar/gcc/9.3.0_1/include/c++/9.3.0;/usr/local/Cellar/gcc/9.3.0_1/include/c++/9.3.0/x86_64-apple-darwin18;/usr/local/Cellar/gcc/9.3.0_1/include/c++/9.3.0/backward;/usr/local/Cellar/gcc/9.3.0_1/lib/gcc/9/gcc/x86_64-apple-darwin18/9.3.0/include;/usr/local/Cellar/gcc/9.3.0_1/lib/gcc/9/gcc/x86_64-apple-darwin18/9.3.0/include-fixed;/Library/Developer/CommandLineTools/SDKs/MacOSX10.14.sdk/usr/include;/Library/Developer/CommandLineTools/SDKs/MacOSX10.14.sdk/System/Library/Frameworks]


Parsed CXX implicit link information from above output:
  link line regex: [^( *|.*[/\])(ld|CMAKE_LINK_STARTFILE-NOTFOUND|([^/\]+-)?ld|collect2)[^/\]*( |$)]
  ignore line: [Change Dir: /Users/xiemeilan/graphics/PAa6/Assignment6/build/CMakeFiles/CMakeTmp]
  ignore line: []
  ignore line: [Run Build Command(s):/usr/bin/make cmTC_bc0bc/fast && /Library/Developer/CommandLineTools/usr/bin/make  -f CMakeFiles/cmTC_bc0bc.dir/build.make CMakeFiles/cmTC_bc0bc.dir/build]
  ignore line: [Building CXX object CMakeFiles/cmTC_bc0bc.dir/CMakeCXXCompilerABI.cpp.o]
  ignore line: [/usr/local/bin/g++-9    -isysroot /Library/Developer/CommandLineTools/SDKs/MacOSX10.14.sdk   -v -Wl -v -o CMakeFiles/cmTC_bc0bc.dir/CMakeCXXCompilerABI.cpp.o -c /usr/local/Cellar/cmake/3.17.2/share/cmake/Modules/CMakeCXXCompilerABI.cpp]
  ignore line: [Using built-in specs.]
  ignore line: [COLLECT_GCC=/usr/local/bin/g++-9]
  ignore line: [Target: x86_64-apple-darwin18]
  ignore line: [Configured with: ../configure --build=x86_64-apple-darwin18 --prefix=/usr/local/Cellar/gcc/9.3.0_1 --libdir=/usr/local/Cellar/gcc/9.3.0_1/lib/gcc/9 --disable-nls --enable-checking=release --enable-languages=c c++ objc obj-c++ fortran --program-suffix=-9 --with-gmp=/usr/local/opt/gmp --with-mpfr=/usr/local/opt/mpfr --with-mpc=/usr/local/opt/libmpc --with-isl=/usr/local/opt/isl --with-system-zlib --with-pkgversion='Homebrew GCC 9.3.0_1' --with-bugurl=https://github.com/Homebrew/homebrew-core/issues --disable-multilib --with-native-system-header-dir=/usr/include --with-sysroot=/Library/Developer/CommandLineTools/SDKs/MacOSX10.14.sdk SED=/usr/bin/sed]
  ignore line: [Thread model: posix]
  ignore line: [gcc version 9.3.0 (Homebrew GCC 9.3.0_1) ]
  ignore line: [COLLECT_GCC_OPTIONS='-isysroot' '/Library/Developer/CommandLineTools/SDKs/MacOSX10.14.sdk' '-v' '-o' 'CMakeFiles/cmTC_bc0bc.dir/CMakeCXXCompilerABI.cpp.o' '-c' '-mmacosx-version-min=10.14.0' '-asm_macosx_version_min=10.14' '-shared-libgcc' '-mtune=core2']
  ignore line: [ /usr/local/Cellar/gcc/9.3.0_1/libexec/gcc/x86_64-apple-darwin18/9.3.0/cc1plus -quiet -v -D__DYNAMIC__ -isysroot /Library/Developer/CommandLineTools/SDKs/MacOSX10.14.sdk /usr/local/Cellar/cmake/3.17.2/share/cmake/Modules/CMakeCXXCompilerABI.cpp -fPIC -quiet -dumpbase CMakeCXXCompilerABI.cpp -mmacosx-version-min=10.14.0 -mtune=core2 -auxbase-strip CMakeFiles/cmTC_bc0bc.dir/CMakeCXXCompilerABI.cpp.o -version -o /var/folders/wz/bdqdb3w16bz1p87h4kk0zpqw0000gn/T//ccUl0Xyi.s]
  ignore line: [GNU C++14 (Homebrew GCC 9.3.0_1) version 9.3.0 (x86_64-apple-darwin18)]
  ignore line: [	compiled by GNU C version 9.3.0  GMP version 6.2.0  MPFR version 4.0.2  MPC version 1.1.0  isl version isl-0.22.1-GMP]
  ignore line: []
  ignore line: [GGC heuristics: --param ggc-min-expand=100 --param ggc-min-heapsize=131072]
  ignore line: [ignoring nonexistent directory "/Library/Developer/CommandLineTools/SDKs/MacOSX10.14.sdk/usr/local/include"]
  ignore line: [ignoring nonexistent directory "/usr/local/Cellar/gcc/9.3.0_1/lib/gcc/9/gcc/x86_64-apple-darwin18/9.3.0/../../../../../../x86_64-apple-darwin18/include"]
  ignore line: [ignoring nonexistent directory "/Library/Developer/CommandLineTools/SDKs/MacOSX10.14.sdk/Library/Frameworks"]
  ignore line: [#include "..." search starts here:]
  ignore line: [#include <...> search starts here:]
  ignore line: [ /usr/local/Cellar/gcc/9.3.0_1/lib/gcc/9/gcc/x86_64-apple-darwin18/9.3.0/../../../../../../include/c++/9.3.0]
  ignore line: [ /usr/local/Cellar/gcc/9.3.0_1/lib/gcc/9/gcc/x86_64-apple-darwin18/9.3.0/../../../../../../include/c++/9.3.0/x86_64-apple-darwin18]
  ignore line: [ /usr/local/Cellar/gcc/9.3.0_1/lib/gcc/9/gcc/x86_64-apple-darwin18/9.3.0/../../../../../../include/c++/9.3.0/backward]
  ignore line: [ /usr/local/Cellar/gcc/9.3.0_1/lib/gcc/9/gcc/x86_64-apple-darwin18/9.3.0/include]
  ignore line: [ /usr/local/Cellar/gcc/9.3.0_1/lib/gcc/9/gcc/x86_64-apple-darwin18/9.3.0/include-fixed]
  ignore line: [ /Library/Developer/CommandLineTools/SDKs/MacOSX10.14.sdk/usr/include]
  ignore line: [ /Library/Developer/CommandLineTools/SDKs/MacOSX10.14.sdk/System/Library/Frameworks]
  ignore line: [End of search list.]
  ignore line: [GNU C++14 (Homebrew GCC 9.3.0_1) version 9.3.0 (x86_64-apple-darwin18)]
  ignore line: [	compiled by GNU C version 9.3.0  GMP version 6.2.0  MPFR version 4.0.2  MPC version 1.1.0  isl version isl-0.22.1-GMP]
  ignore line: []
  ignore line: [GGC heuristics: --param ggc-min-expand=100 --param ggc-min-heapsize=131072]
  ignore line: [Compiler executable checksum: d427667556571f0f3f2c2fd736e1f72c]
  ignore line: [COLLECT_GCC_OPTIONS='-isysroot' '/Library/Developer/CommandLineTools/SDKs/MacOSX10.14.sdk' '-v' '-o' 'CMakeFiles/cmTC_bc0bc.dir/CMakeCXXCompilerABI.cpp.o' '-c' '-mmacosx-version-min=10.14.0'  '-shared-libgcc' '-mtune=core2']
  ignore line: [ as -arch x86_64 -v -force_cpusubtype_ALL -mmacosx-version-min=10.14 -o CMakeFiles/cmTC_bc0bc.dir/CMakeCXXCompilerABI.cpp.o /var/folders/wz/bdqdb3w16bz1p87h4kk0zpqw0000gn/T//ccUl0Xyi.s]
  ignore line: [Apple LLVM version 10.0.1 (clang-1001.0.46.4)]
  ignore line: [Target: x86_64-apple-darwin18.6.0]
  ignore line: [Thread model: posix]
  ignore line: [InstalledDir: /Library/Developer/CommandLineTools/usr/bin]
  ignore line: [ "/Library/Developer/CommandLineTools/usr/bin/clang" -cc1as -triple x86_64-apple-macosx10.14.0 -filetype obj -main-file-name ccUl0Xyi.s -target-cpu penryn -fdebug-compilation-dir /Users/xiemeilan/graphics/PAa6/Assignment6/build/CMakeFiles/CMakeTmp -dwarf-debug-producer Apple LLVM version 10.0.1 (clang-1001.0.46.4) -dwarf-version=4 -mrelocation-model pic -o CMakeFiles/cmTC_bc0bc.dir/CMakeCXXCompilerABI.cpp.o /var/folders/wz/bdqdb3w16bz1p87h4kk0zpqw0000gn/T//ccUl0Xyi.s]
  ignore line: [COMPILER_PATH=/usr/local/Cellar/gcc/9.3.0_1/libexec/gcc/x86_64-apple-darwin18/9.3.0/:/usr/local/Cellar/gcc/9.3.0_1/libexec/gcc/x86_64-apple-darwin18/9.3.0/:/usr/local/Cellar/gcc/9.3.0_1/libexec/gcc/x86_64-apple-darwin18/:/usr/local/Cellar/gcc/9.3.0_1/lib/gcc/9/gcc/x86_64-apple-darwin18/9.3.0/:/usr/local/Cellar/gcc/9.3.0_1/lib/gcc/9/gcc/x86_64-apple-darwin18/]
  ignore line: [LIBRARY_PATH=/usr/local/Cellar/gcc/9.3.0_1/lib/gcc/9/gcc/x86_64-apple-darwin18/9.3.0/:/usr/local/Cellar/gcc/9.3.0_1/lib/gcc/9/gcc/x86_64-apple-darwin18/9.3.0/../../../]
  ignore line: [COLLECT_GCC_OPTIONS='-isysroot' '/Library/Developer/CommandLineTools/SDKs/MacOSX10.14.sdk' '-v' '-o' 'CMakeFiles/cmTC_bc0bc.dir/CMakeCXXCompilerABI.cpp.o' '-c' '-mmacosx-version-min=10.14.0'  '-shared-libgcc' '-mtune=core2']
  ignore line: [Linking CXX executable cmTC_bc0bc]
  ignore line: [/usr/local/Cellar/cmake/3.17.2/bin/cmake -E cmake_link_script CMakeFiles/cmTC_bc0bc.dir/link.txt --verbose=1]
  ignore line: [/usr/local/bin/g++-9    -isysroot /Library/Developer/CommandLineTools/SDKs/MacOSX10.14.sdk -Wl -search_paths_first -Wl -headerpad_max_install_names  -v -Wl -v CMakeFiles/cmTC_bc0bc.dir/CMakeCXXCompilerABI.cpp.o  -o cmTC_bc0bc ]
  ignore line: [Using built-in specs.]
  ignore line: [COLLECT_GCC=/usr/local/bin/g++-9]
  ignore line: [COLLECT_LTO_WRAPPER=/usr/local/Cellar/gcc/9.3.0_1/libexec/gcc/x86_64-apple-darwin18/9.3.0/lto-wrapper]
  ignore line: [Target: x86_64-apple-darwin18]
  ignore line: [Configured with: ../configure --build=x86_64-apple-darwin18 --prefix=/usr/local/Cellar/gcc/9.3.0_1 --libdir=/usr/local/Cellar/gcc/9.3.0_1/lib/gcc/9 --disable-nls --enable-checking=release --enable-languages=c c++ objc obj-c++ fortran --program-suffix=-9 --with-gmp=/usr/local/opt/gmp --with-mpfr=/usr/local/opt/mpfr --with-mpc=/usr/local/opt/libmpc --with-isl=/usr/local/opt/isl --with-system-zlib --with-pkgversion='Homebrew GCC 9.3.0_1' --with-bugurl=https://github.com/Homebrew/homebrew-core/issues --disable-multilib --with-native-system-header-dir=/usr/include --with-sysroot=/Library/Developer/CommandLineTools/SDKs/MacOSX10.14.sdk SED=/usr/bin/sed]
  ignore line: [Thread model: posix]
  ignore line: [gcc version 9.3.0 (Homebrew GCC 9.3.0_1) ]
  ignore line: [COMPILER_PATH=/usr/local/Cellar/gcc/9.3.0_1/libexec/gcc/x86_64-apple-darwin18/9.3.0/:/usr/local/Cellar/gcc/9.3.0_1/libexec/gcc/x86_64-apple-darwin18/9.3.0/:/usr/local/Cellar/gcc/9.3.0_1/libexec/gcc/x86_64-apple-darwin18/:/usr/local/Cellar/gcc/9.3.0_1/lib/gcc/9/gcc/x86_64-apple-darwin18/9.3.0/:/usr/local/Cellar/gcc/9.3.0_1/lib/gcc/9/gcc/x86_64-apple-darwin18/]
  ignore line: [LIBRARY_PATH=/usr/local/Cellar/gcc/9.3.0_1/lib/gcc/9/gcc/x86_64-apple-darwin18/9.3.0/:/usr/local/Cellar/gcc/9.3.0_1/lib/gcc/9/gcc/x86_64-apple-darwin18/9.3.0/../../../]
  ignore line: [COLLECT_GCC_OPTIONS='-isysroot' '/Library/Developer/CommandLineTools/SDKs/MacOSX10.14.sdk' '-v' '-o' 'cmTC_bc0bc' '-mmacosx-version-min=10.14.0' '-asm_macosx_version_min=10.14' '-shared-libgcc' '-mtune=core2']
  link line: [ /usr/local/Cellar/gcc/9.3.0_1/libexec/gcc/x86_64-apple-darwin18/9.3.0/collect2 -dynamic -arch x86_64 -macosx_version_min 10.14.0 -syslibroot /Library/Developer/CommandLineTools/SDKs/MacOSX10.14.sdk -weak_reference_mismatches non-weak -o cmTC_bc0bc -L/usr/local/Cellar/gcc/9.3.0_1/lib/gcc/9/gcc/x86_64-apple-darwin18/9.3.0 -L/usr/local/Cellar/gcc/9.3.0_1/lib/gcc/9/gcc/x86_64-apple-darwin18/9.3.0/../../.. -search_paths_first -headerpad_max_install_names -v CMakeFiles/cmTC_bc0bc.dir/CMakeCXXCompilerABI.cpp.o -lstdc++ -lSystem -lgcc_ext.10.5 -lgcc -lSystem -no_compact_unwind -v]
    arg [/usr/local/Cellar/gcc/9.3.0_1/libexec/gcc/x86_64-apple-darwin18/9.3.0/collect2] ==> ignore
    arg [-dynamic] ==> ignore
    arg [-arch] ==> ignore
    arg [x86_64] ==> ignore
    arg [-macosx_version_min] ==> ignore
    arg [10.14.0] ==> ignore
    arg [-syslibroot] ==> ignore
    arg [/Library/Developer/CommandLineTools/SDKs/MacOSX10.14.sdk] ==> ignore
    arg [-weak_reference_mismatches] ==> ignore
    arg [non-weak] ==> ignore
    arg [-o] ==> ignore
    arg [cmTC_bc0bc] ==> ignore
    arg [-L/usr/local/Cellar/gcc/9.3.0_1/lib/gcc/9/gcc/x86_64-apple-darwin18/9.3.0] ==> dir [/usr/local/Cellar/gcc/9.3.0_1/lib/gcc/9/gcc/x86_64-apple-darwin18/9.3.0]
    arg [-L/usr/local/Cellar/gcc/9.3.0_1/lib/gcc/9/gcc/x86_64-apple-darwin18/9.3.0/../../..] ==> dir [/usr/local/Cellar/gcc/9.3.0_1/lib/gcc/9/gcc/x86_64-apple-darwin18/9.3.0/../../..]
    arg [-search_paths_first] ==> ignore
    arg [-headerpad_max_install_names] ==> ignore
    arg [-v] ==> ignore
    arg [CMakeFiles/cmTC_bc0bc.dir/CMakeCXXCompilerABI.cpp.o] ==> ignore
    arg [-lstdc++] ==> lib [stdc++]
    arg [-lSystem] ==> lib [System]
    arg [-lgcc_ext.10.5] ==> lib [gcc_ext.10.5]
    arg [-lgcc] ==> lib [gcc]
    arg [-lSystem] ==> lib [System]
    arg [-no_compact_unwind] ==> ignore
    arg [-v] ==> ignore
  Library search paths: [;/usr/local/Cellar/gcc/9.3.0_1/lib/gcc/9/gcc/x86_64-apple-darwin18/9.3.0;/usr/local/Cellar/gcc/9.3.0_1/lib/gcc/9;/Library/Developer/CommandLineTools/SDKs/MacOSX10.14.sdk/usr/lib]
  Framework search paths: [;/Library/Developer/CommandLineTools/SDKs/MacOSX10.14.sdk/System/Library/Frameworks/]
  remove lib [System]
  remove lib [System]
  collapse library dir [/usr/local/Cellar/gcc/9.3.0_1/lib/gcc/9/gcc/x86_64-apple-darwin18/9.3.0] ==> [/usr/local/Cellar/gcc/9.3.0_1/lib/gcc/9/gcc/x86_64-apple-darwin18/9.3.0]
  collapse library dir [/usr/local/Cellar/gcc/9.3.0_1/lib/gcc/9/gcc/x86_64-apple-darwin18/9.3.0/../../..] ==> [/usr/local/Cellar/gcc/9.3.0_1/lib/gcc/9]
  collapse library dir [/usr/local/Cellar/gcc/9.3.0_1/lib/gcc/9/gcc/x86_64-apple-darwin18/9.3.0] ==> [/usr/local/Cellar/gcc/9.3.0_1/lib/gcc/9/gcc/x86_64-apple-darwin18/9.3.0]
  collapse library dir [/usr/local/Cellar/gcc/9.3.0_1/lib/gcc/9] ==> [/usr/local/Cellar/gcc/9.3.0_1/lib/gcc/9]
  collapse library dir [/Library/Developer/CommandLineTools/SDKs/MacOSX10.14.sdk/usr/lib] ==> [/Library/Developer/CommandLineTools/SDKs/MacOSX10.14.sdk/usr/lib]
  collapse framework dir [/Library/Developer/CommandLineTools/SDKs/MacOSX10.14.sdk/System/Library/Frameworks/] ==> [/Library/Developer/CommandLineTools/SDKs/MacOSX10.14.sdk/System/Library/Frameworks]
  implicit libs: [stdc++;gcc_ext.10.5;gcc]
  implicit dirs: [/usr/local/Cellar/gcc/9.3.0_1/lib/gcc/9/gcc/x86_64-apple-darwin18/9.3.0;/usr/local/Cellar/gcc/9.3.0_1/lib/gcc/9;/Library/Developer/CommandLineTools/SDKs/MacOSX10.14.sdk/usr/lib]
  implicit fwks: [/Library/Developer/CommandLineTools/SDKs/MacOSX10.14.sdk/System/Library/Frameworks]


